Arguments: 
  D:\Apps\scoop\apps\nodejs\current\node.exe D:\Git\code\nodejs\片段\.yarn\releases\yarn-1.22.10.cjs add rsshub

PATH: 
  D:\Apps\scoop\apps\miniconda3\current;D:\Apps\scoop\apps\miniconda3\current\Library\mingw-w64\bin;D:\Apps\scoop\apps\miniconda3\current\Library\usr\bin;D:\Apps\scoop\apps\miniconda3\current\Library\bin;D:\Apps\scoop\apps\miniconda3\current\Scripts;D:\Apps\scoop\apps\miniconda3\current\bin;D:\Apps\scoop\apps\miniconda3\current\condabin;D:\Apps\scoop\apps\nodejs\current\bin;D:\Apps\scoop\apps\nodejs\current;D:\Apps\scoop\apps\miniconda3\current\scripts;D:\Apps\scoop\apps\miniconda3\current\Library\bin;D:\Apps\scoop\shims;C:\windows\system32;C:\windows;C:\windows\System32\Wbem;C:\windows\System32\WindowsPowerShell\v1.0;C:\windows\System32\OpenSSH;C:\Program Files\dotnet;C:\Users\Air\scoop\apps\gsudo\current;D:\Apps\scoop\apps\openjdk8-redhat-jre\current\bin;D:\Apps\scoop\apps\nodejs\current;D:\Apps\scoop\apps\nodejs\current\bin;C:\Users\Air\scoop\shims;C:\Users\Air\AppData\Local\Microsoft\WindowsApps;D:\Apps\scoop\shims;D:\Apps\mingw64-GCC-810-posix-seh\bin;.

Yarn version: 
  1.22.10

Node version: 
  16.2.0

Platform: 
  win32 x64

Trace: 
  Error: https://github.com/postlight/browser-request: ESOCKETTIMEDOUT
      at ClientRequest.<anonymous> (D:\Git\code\nodejs\片段\.yarn\releases\yarn-1.22.10.cjs:135787:19)
      at Object.onceWrapper (node:events:471:28)
      at ClientRequest.emit (node:events:365:28)
      at TLSSocket.emitRequestTimeout (node:_http_client:761:9)
      at Object.onceWrapper (node:events:471:28)
      at TLSSocket.emit (node:events:377:35)
      at TLSSocket.Socket._onTimeout (node:net:475:8)
      at listOnTimeout (node:internal/timers:557:17)
      at processTimers (node:internal/timers:500:7)

npm manifest: 
  {
    "name": "snippets",
    "version": "1.0.0",
    "main": "index.js",
    "type": "module",
    "repository": "git@github.com:Sdator/JS_snippets.git",
    "author": "Sdator <250740270@qq.com>",
    "license": "MIT",
    "dependencies": {
      "http-proxy-agent": "^4.0.1",
      "https-proxy-agent": "^5.0.0",
      "node-fetch": "^2.6.1"
    }
  }

yarn manifest: 
  No manifest

Lockfile: 
  # THIS IS AN AUTOGENERATED FILE. DO NOT EDIT THIS FILE DIRECTLY.
  # yarn lockfile v1
  
  
  "@tootallnate/once@1":
    version "1.1.2"
    resolved "https://registry.npm.taobao.org/@tootallnate/once/download/@tootallnate/once-1.1.2.tgz"
    integrity sha1-zLkURTYBeaBOf+av94wA/8Hur4I=
  
  agent-base@6:
    version "6.0.2"
    resolved "https://registry.npm.taobao.org/agent-base/download/agent-base-6.0.2.tgz?cache=0&sync_timestamp=1603480100923&other_urls=https%3A%2F%2Fregistry.npm.taobao.org%2Fagent-base%2Fdownload%2Fagent-base-6.0.2.tgz"
    integrity sha1-Sf/1hXfP7j83F2/qtMIuAPhtf3c=
    dependencies:
      debug "4"
  
  debug@4:
    version "4.3.1"
    resolved "https://registry.npm.taobao.org/debug/download/debug-4.3.1.tgz?cache=0&sync_timestamp=1607566533140&other_urls=https%3A%2F%2Fregistry.npm.taobao.org%2Fdebug%2Fdownload%2Fdebug-4.3.1.tgz"
    integrity sha1-8NIpxQXgxtjEmsVT0bE9wYP2su4=
    dependencies:
      ms "2.1.2"
  
  http-proxy-agent@^4.0.1:
    version "4.0.1"
    resolved "https://registry.npm.taobao.org/http-proxy-agent/download/http-proxy-agent-4.0.1.tgz"
    integrity sha1-ioyO9/WTLM+VPClsqCkblap0qjo=
    dependencies:
      "@tootallnate/once" "1"
      agent-base "6"
      debug "4"
  
  https-proxy-agent@^5.0.0:
    version "5.0.0"
    resolved "https://registry.npm.taobao.org/https-proxy-agent/download/https-proxy-agent-5.0.0.tgz?cache=0&other_urls=https%3A%2F%2Fregistry.npm.taobao.org%2Fhttps-proxy-agent%2Fdownload%2Fhttps-proxy-agent-5.0.0.tgz"
    integrity sha1-4qkFQqu2inYuCghQ9sntrf2FBrI=
    dependencies:
      agent-base "6"
      debug "4"
  
  ms@2.1.2:
    version "2.1.2"
    resolved "https://registry.npm.taobao.org/ms/download/ms-2.1.2.tgz?cache=0&sync_timestamp=1607433842694&other_urls=https%3A%2F%2Fregistry.npm.taobao.org%2Fms%2Fdownload%2Fms-2.1.2.tgz"
    integrity sha1-0J0fNXtEP0kzgqjrPM0YOHKuYAk=
  
  node-fetch@^2.6.1:
    version "2.6.1"
    resolved "https://registry.yarnpkg.com/node-fetch/-/node-fetch-2.6.1.tgz#045bd323631f76ed2e2b55573394416b639a0052"
    integrity sha512-V4aYg89jEoVRxRb2fJdAg8FHvI7cEyYdVAh94HH0UIK8oJxUfkjlDQN9RbMx+bEjP7+ggMiFRprSti032Oipxw==
